{"C:\\Users\\Juan\\Desktop\\SIRIUS\\Tricker\\tricker-backend\\src\\domains\\adapter\\linear\\event-util.ts": {"path":"C:\\Users\\Juan\\Desktop\\SIRIUS\\Tricker\\tricker-backend\\src\\domains\\adapter\\linear\\event-util.ts","all":false,"statementMap":{"0":{"start":{"line":1,"column":0},"end":{"line":1,"column":84}},"1":{"start":{"line":2,"column":0},"end":{"line":2,"column":149}},"2":{"start":{"line":3,"column":0},"end":{"line":3,"column":46}},"3":{"start":{"line":4,"column":0},"end":{"line":4,"column":0}},"4":{"start":{"line":5,"column":0},"end":{"line":5,"column":82}},"5":{"start":{"line":6,"column":0},"end":{"line":6,"column":48}},"6":{"start":{"line":7,"column":0},"end":{"line":7,"column":34}},"7":{"start":{"line":8,"column":0},"end":{"line":8,"column":32}},"8":{"start":{"line":9,"column":0},"end":{"line":9,"column":46}},"9":{"start":{"line":10,"column":0},"end":{"line":10,"column":83}},"10":{"start":{"line":11,"column":0},"end":{"line":11,"column":53}},"11":{"start":{"line":12,"column":0},"end":{"line":12,"column":66}},"12":{"start":{"line":13,"column":0},"end":{"line":13,"column":32}},"13":{"start":{"line":14,"column":0},"end":{"line":14,"column":7}},"14":{"start":{"line":15,"column":0},"end":{"line":15,"column":5}},"15":{"start":{"line":16,"column":0},"end":{"line":16,"column":0}},"16":{"start":{"line":17,"column":0},"end":{"line":17,"column":75}},"17":{"start":{"line":18,"column":0},"end":{"line":18,"column":54}},"18":{"start":{"line":19,"column":0},"end":{"line":19,"column":35}},"19":{"start":{"line":20,"column":0},"end":{"line":20,"column":23}},"20":{"start":{"line":21,"column":0},"end":{"line":21,"column":32}},"21":{"start":{"line":22,"column":0},"end":{"line":22,"column":28}},"22":{"start":{"line":23,"column":0},"end":{"line":23,"column":26}},"23":{"start":{"line":24,"column":0},"end":{"line":24,"column":34}},"24":{"start":{"line":25,"column":0},"end":{"line":25,"column":95}},"25":{"start":{"line":26,"column":0},"end":{"line":26,"column":9}},"26":{"start":{"line":27,"column":0},"end":{"line":27,"column":31}},"27":{"start":{"line":28,"column":0},"end":{"line":28,"column":5}},"28":{"start":{"line":29,"column":0},"end":{"line":29,"column":0}},"29":{"start":{"line":30,"column":0},"end":{"line":30,"column":81}},"30":{"start":{"line":31,"column":0},"end":{"line":31,"column":54}},"31":{"start":{"line":32,"column":0},"end":{"line":32,"column":35}},"32":{"start":{"line":33,"column":0},"end":{"line":33,"column":26}},"33":{"start":{"line":34,"column":0},"end":{"line":34,"column":35}},"34":{"start":{"line":35,"column":0},"end":{"line":35,"column":31}},"35":{"start":{"line":36,"column":0},"end":{"line":36,"column":26}},"36":{"start":{"line":37,"column":0},"end":{"line":37,"column":34}},"37":{"start":{"line":38,"column":0},"end":{"line":38,"column":95}},"38":{"start":{"line":39,"column":0},"end":{"line":39,"column":9}},"39":{"start":{"line":40,"column":0},"end":{"line":40,"column":31}},"40":{"start":{"line":41,"column":0},"end":{"line":41,"column":5}},"41":{"start":{"line":42,"column":0},"end":{"line":42,"column":3}},"42":{"start":{"line":43,"column":0},"end":{"line":43,"column":16}},"43":{"start":{"line":44,"column":0},"end":{"line":44,"column":2}},"44":{"start":{"line":45,"column":0},"end":{"line":45,"column":0}},"45":{"start":{"line":46,"column":0},"end":{"line":46,"column":113}},"46":{"start":{"line":47,"column":0},"end":{"line":47,"column":37}},"47":{"start":{"line":48,"column":0},"end":{"line":48,"column":37}},"48":{"start":{"line":49,"column":0},"end":{"line":49,"column":117}},"49":{"start":{"line":50,"column":0},"end":{"line":50,"column":5}},"50":{"start":{"line":51,"column":0},"end":{"line":51,"column":2}},"51":{"start":{"line":52,"column":0},"end":{"line":52,"column":0}},"52":{"start":{"line":53,"column":0},"end":{"line":53,"column":107}},"53":{"start":{"line":54,"column":0},"end":{"line":54,"column":50}},"54":{"start":{"line":55,"column":0},"end":{"line":55,"column":121}},"55":{"start":{"line":56,"column":0},"end":{"line":56,"column":10}},"56":{"start":{"line":57,"column":0},"end":{"line":57,"column":141}},"57":{"start":{"line":58,"column":0},"end":{"line":58,"column":3}},"58":{"start":{"line":59,"column":0},"end":{"line":59,"column":2}},"59":{"start":{"line":60,"column":0},"end":{"line":60,"column":0}},"60":{"start":{"line":61,"column":0},"end":{"line":61,"column":126}},"61":{"start":{"line":62,"column":0},"end":{"line":62,"column":38}},"62":{"start":{"line":63,"column":0},"end":{"line":63,"column":35}},"63":{"start":{"line":64,"column":0},"end":{"line":64,"column":0}},"64":{"start":{"line":65,"column":0},"end":{"line":65,"column":172}},"65":{"start":{"line":66,"column":0},"end":{"line":66,"column":0}},"66":{"start":{"line":67,"column":0},"end":{"line":67,"column":128}},"67":{"start":{"line":68,"column":0},"end":{"line":68,"column":0}},"68":{"start":{"line":69,"column":0},"end":{"line":69,"column":30}},"69":{"start":{"line":70,"column":0},"end":{"line":70,"column":11}},"70":{"start":{"line":71,"column":0},"end":{"line":71,"column":68}},"71":{"start":{"line":72,"column":0},"end":{"line":72,"column":31}},"72":{"start":{"line":73,"column":0},"end":{"line":73,"column":22}},"73":{"start":{"line":74,"column":0},"end":{"line":74,"column":30}},"74":{"start":{"line":75,"column":0},"end":{"line":75,"column":55}},"75":{"start":{"line":76,"column":0},"end":{"line":76,"column":91}},"76":{"start":{"line":77,"column":0},"end":{"line":77,"column":5}},"77":{"start":{"line":78,"column":0},"end":{"line":78,"column":2}}},"s":{"0":1,"1":1,"2":1,"3":1,"4":1,"5":0,"6":0,"7":0,"8":0,"9":0,"10":0,"11":0,"12":0,"13":0,"14":0,"15":0,"16":0,"17":0,"18":0,"19":0,"20":0,"21":0,"22":0,"23":0,"24":0,"25":0,"26":0,"27":0,"28":0,"29":0,"30":0,"31":0,"32":0,"33":0,"34":0,"35":0,"36":0,"37":0,"38":0,"39":0,"40":0,"41":0,"42":0,"43":0,"44":1,"45":1,"46":0,"47":0,"48":0,"49":0,"50":0,"51":1,"52":1,"53":1,"54":1,"55":1,"56":0,"57":0,"58":1,"59":1,"60":1,"61":1,"62":1,"63":1,"64":1,"65":1,"66":1,"67":1,"68":1,"69":1,"70":1,"71":1,"72":1,"73":1,"74":1,"75":1,"76":1,"77":1},"branchMap":{"0":{"type":"branch","line":53,"loc":{"start":{"line":53,"column":39},"end":{"line":59,"column":2}},"locations":[{"start":{"line":53,"column":39},"end":{"line":59,"column":2}}]},"1":{"type":"branch","line":55,"loc":{"start":{"line":55,"column":91},"end":{"line":55,"column":120}},"locations":[{"start":{"line":55,"column":91},"end":{"line":55,"column":120}}]},"2":{"type":"branch","line":56,"loc":{"start":{"line":56,"column":3},"end":{"line":58,"column":3}},"locations":[{"start":{"line":56,"column":3},"end":{"line":58,"column":3}}]},"3":{"type":"branch","line":61,"loc":{"start":{"line":61,"column":32},"end":{"line":78,"column":2}},"locations":[{"start":{"line":61,"column":32},"end":{"line":78,"column":2}}]},"4":{"type":"branch","line":65,"loc":{"start":{"line":65,"column":139},"end":{"line":65,"column":164}},"locations":[{"start":{"line":65,"column":139},"end":{"line":65,"column":164}}]},"5":{"type":"branch","line":65,"loc":{"start":{"line":65,"column":166},"end":{"line":65,"column":171}},"locations":[{"start":{"line":65,"column":166},"end":{"line":65,"column":171}}]},"6":{"type":"branch","line":67,"loc":{"start":{"line":67,"column":114},"end":{"line":67,"column":127}},"locations":[{"start":{"line":67,"column":114},"end":{"line":67,"column":127}}]},"7":{"type":"branch","line":76,"loc":{"start":{"line":76,"column":33},"end":{"line":76,"column":55}},"locations":[{"start":{"line":76,"column":33},"end":{"line":76,"column":55}}]}},"b":{"0":[1],"1":[0],"2":[0],"3":[1],"4":[0],"5":[0],"6":[0],"7":[0]},"fnMap":{"0":{"name":"processIssueEvents","decl":{"start":{"line":5,"column":34},"end":{"line":44,"column":2}},"loc":{"start":{"line":5,"column":34},"end":{"line":44,"column":2}},"line":5},"1":{"name":"filterRelationChanges","decl":{"start":{"line":46,"column":37},"end":{"line":51,"column":2}},"loc":{"start":{"line":46,"column":37},"end":{"line":51,"column":2}},"line":46},"2":{"name":"getCommentForBlockEvent","decl":{"start":{"line":53,"column":39},"end":{"line":59,"column":2}},"loc":{"start":{"line":53,"column":39},"end":{"line":59,"column":2}},"line":53},"3":{"name":"createBlockEvent","decl":{"start":{"line":61,"column":32},"end":{"line":78,"column":2}},"loc":{"start":{"line":61,"column":32},"end":{"line":78,"column":2}},"line":61}},"f":{"0":0,"1":0,"2":1,"3":1}}
,"C:\\Users\\Juan\\Desktop\\SIRIUS\\Tricker\\tricker-backend\\src\\domains\\event\\dto\\index.ts": {"path":"C:\\Users\\Juan\\Desktop\\SIRIUS\\Tricker\\tricker-backend\\src\\domains\\event\\dto\\index.ts","all":false,"statementMap":{"0":{"start":{"line":1,"column":0},"end":{"line":1,"column":72}},"1":{"start":{"line":2,"column":0},"end":{"line":2,"column":56}},"2":{"start":{"line":3,"column":0},"end":{"line":3,"column":0}},"3":{"start":{"line":4,"column":0},"end":{"line":4,"column":35}},"4":{"start":{"line":5,"column":0},"end":{"line":5,"column":26}},"5":{"start":{"line":6,"column":0},"end":{"line":6,"column":28}},"6":{"start":{"line":7,"column":0},"end":{"line":7,"column":30}},"7":{"start":{"line":8,"column":0},"end":{"line":8,"column":1}},"8":{"start":{"line":9,"column":0},"end":{"line":9,"column":0}},"9":{"start":{"line":10,"column":0},"end":{"line":10,"column":39}},"10":{"start":{"line":11,"column":0},"end":{"line":11,"column":20}},"11":{"start":{"line":12,"column":0},"end":{"line":12,"column":19}},"12":{"start":{"line":13,"column":0},"end":{"line":13,"column":1}},"13":{"start":{"line":14,"column":0},"end":{"line":14,"column":0}},"14":{"start":{"line":15,"column":0},"end":{"line":15,"column":40}},"15":{"start":{"line":16,"column":0},"end":{"line":16,"column":12}},"16":{"start":{"line":17,"column":0},"end":{"line":17,"column":15}},"17":{"start":{"line":18,"column":0},"end":{"line":18,"column":1}},"18":{"start":{"line":19,"column":0},"end":{"line":19,"column":0}},"19":{"start":{"line":20,"column":0},"end":{"line":20,"column":25}},"20":{"start":{"line":21,"column":0},"end":{"line":21,"column":35}},"21":{"start":{"line":22,"column":0},"end":{"line":22,"column":27}},"22":{"start":{"line":23,"column":0},"end":{"line":23,"column":33}},"23":{"start":{"line":24,"column":0},"end":{"line":24,"column":27}},"24":{"start":{"line":25,"column":0},"end":{"line":25,"column":0}},"25":{"start":{"line":26,"column":0},"end":{"line":26,"column":34}},"26":{"start":{"line":27,"column":0},"end":{"line":27,"column":49}},"27":{"start":{"line":28,"column":0},"end":{"line":28,"column":45}},"28":{"start":{"line":29,"column":0},"end":{"line":29,"column":33}},"29":{"start":{"line":30,"column":0},"end":{"line":30,"column":37}},"30":{"start":{"line":31,"column":0},"end":{"line":31,"column":3}},"31":{"start":{"line":32,"column":0},"end":{"line":32,"column":1}},"32":{"start":{"line":33,"column":0},"end":{"line":33,"column":0}},"33":{"start":{"line":34,"column":0},"end":{"line":34,"column":56}},"34":{"start":{"line":35,"column":0},"end":{"line":35,"column":25}},"35":{"start":{"line":36,"column":0},"end":{"line":36,"column":34}},"36":{"start":{"line":37,"column":0},"end":{"line":37,"column":32}},"37":{"start":{"line":38,"column":0},"end":{"line":38,"column":0}},"38":{"start":{"line":39,"column":0},"end":{"line":39,"column":46}},"39":{"start":{"line":40,"column":0},"end":{"line":40,"column":17}},"40":{"start":{"line":41,"column":0},"end":{"line":41,"column":29}},"41":{"start":{"line":42,"column":0},"end":{"line":42,"column":27}},"42":{"start":{"line":43,"column":0},"end":{"line":43,"column":23}},"43":{"start":{"line":44,"column":0},"end":{"line":44,"column":3}},"44":{"start":{"line":45,"column":0},"end":{"line":45,"column":1}},"45":{"start":{"line":46,"column":0},"end":{"line":46,"column":0}},"46":{"start":{"line":47,"column":0},"end":{"line":47,"column":49}},"47":{"start":{"line":48,"column":0},"end":{"line":48,"column":32}},"48":{"start":{"line":49,"column":0},"end":{"line":49,"column":26}},"49":{"start":{"line":50,"column":0},"end":{"line":50,"column":27}},"50":{"start":{"line":51,"column":0},"end":{"line":51,"column":0}},"51":{"start":{"line":52,"column":0},"end":{"line":52,"column":39}},"52":{"start":{"line":53,"column":0},"end":{"line":53,"column":17}},"53":{"start":{"line":54,"column":0},"end":{"line":54,"column":27}},"54":{"start":{"line":55,"column":0},"end":{"line":55,"column":31}},"55":{"start":{"line":56,"column":0},"end":{"line":56,"column":33}},"56":{"start":{"line":57,"column":0},"end":{"line":57,"column":3}},"57":{"start":{"line":58,"column":0},"end":{"line":58,"column":1}},"58":{"start":{"line":59,"column":0},"end":{"line":59,"column":0}},"59":{"start":{"line":60,"column":0},"end":{"line":60,"column":32}},"60":{"start":{"line":61,"column":0},"end":{"line":61,"column":13}},"61":{"start":{"line":62,"column":0},"end":{"line":62,"column":26}},"62":{"start":{"line":63,"column":0},"end":{"line":63,"column":24}},"63":{"start":{"line":64,"column":0},"end":{"line":64,"column":18}},"64":{"start":{"line":65,"column":0},"end":{"line":65,"column":16}},"65":{"start":{"line":66,"column":0},"end":{"line":66,"column":16}},"66":{"start":{"line":67,"column":0},"end":{"line":67,"column":14}},"67":{"start":{"line":68,"column":0},"end":{"line":68,"column":27}},"68":{"start":{"line":69,"column":0},"end":{"line":69,"column":18}},"69":{"start":{"line":70,"column":0},"end":{"line":70,"column":0}},"70":{"start":{"line":71,"column":0},"end":{"line":71,"column":41}},"71":{"start":{"line":72,"column":0},"end":{"line":72,"column":23}},"72":{"start":{"line":73,"column":0},"end":{"line":73,"column":49}},"73":{"start":{"line":74,"column":0},"end":{"line":74,"column":45}},"74":{"start":{"line":75,"column":0},"end":{"line":75,"column":33}},"75":{"start":{"line":76,"column":0},"end":{"line":76,"column":29}},"76":{"start":{"line":77,"column":0},"end":{"line":77,"column":27}},"77":{"start":{"line":78,"column":0},"end":{"line":78,"column":23}},"78":{"start":{"line":79,"column":0},"end":{"line":79,"column":53}},"79":{"start":{"line":80,"column":0},"end":{"line":80,"column":37}},"80":{"start":{"line":81,"column":0},"end":{"line":81,"column":3}},"81":{"start":{"line":82,"column":0},"end":{"line":82,"column":1}},"82":{"start":{"line":83,"column":0},"end":{"line":83,"column":0}},"83":{"start":{"line":84,"column":0},"end":{"line":84,"column":43}},"84":{"start":{"line":85,"column":0},"end":{"line":85,"column":13}},"85":{"start":{"line":86,"column":0},"end":{"line":86,"column":26}},"86":{"start":{"line":87,"column":0},"end":{"line":87,"column":24}},"87":{"start":{"line":88,"column":0},"end":{"line":88,"column":18}},"88":{"start":{"line":89,"column":0},"end":{"line":89,"column":17}},"89":{"start":{"line":90,"column":0},"end":{"line":90,"column":27}},"90":{"start":{"line":91,"column":0},"end":{"line":91,"column":18}},"91":{"start":{"line":92,"column":0},"end":{"line":92,"column":17}},"92":{"start":{"line":93,"column":0},"end":{"line":93,"column":18}},"93":{"start":{"line":94,"column":0},"end":{"line":94,"column":0}},"94":{"start":{"line":95,"column":0},"end":{"line":95,"column":52}},"95":{"start":{"line":96,"column":0},"end":{"line":96,"column":23}},"96":{"start":{"line":97,"column":0},"end":{"line":97,"column":49}},"97":{"start":{"line":98,"column":0},"end":{"line":98,"column":45}},"98":{"start":{"line":99,"column":0},"end":{"line":99,"column":33}},"99":{"start":{"line":100,"column":0},"end":{"line":100,"column":31}},"100":{"start":{"line":101,"column":0},"end":{"line":101,"column":53}},"101":{"start":{"line":102,"column":0},"end":{"line":102,"column":37}},"102":{"start":{"line":103,"column":0},"end":{"line":103,"column":31}},"103":{"start":{"line":104,"column":0},"end":{"line":104,"column":33}},"104":{"start":{"line":105,"column":0},"end":{"line":105,"column":3}},"105":{"start":{"line":106,"column":0},"end":{"line":106,"column":1}}},"s":{"0":1,"1":1,"2":1,"3":1,"4":1,"5":1,"6":1,"7":1,"8":1,"9":1,"10":1,"11":1,"12":1,"13":1,"14":1,"15":1,"16":1,"17":1,"18":1,"19":1,"20":1,"21":1,"22":1,"23":1,"24":1,"25":1,"26":1,"27":1,"28":1,"29":1,"30":1,"31":1,"32":1,"33":0,"34":0,"35":0,"36":0,"37":0,"38":0,"39":0,"40":0,"41":0,"42":0,"43":0,"44":0,"45":1,"46":1,"47":1,"48":1,"49":1,"50":1,"51":1,"52":1,"53":1,"54":1,"55":1,"56":1,"57":1,"58":1,"59":0,"60":0,"61":0,"62":0,"63":0,"64":0,"65":0,"66":0,"67":0,"68":0,"69":0,"70":0,"71":0,"72":0,"73":0,"74":0,"75":0,"76":0,"77":0,"78":0,"79":0,"80":0,"81":0,"82":1,"83":0,"84":0,"85":0,"86":0,"87":0,"88":0,"89":0,"90":0,"91":0,"92":0,"93":0,"94":0,"95":0,"96":0,"97":0,"98":0,"99":0,"100":0,"101":0,"102":0,"103":0,"104":0,"105":0},"branchMap":{"0":{"type":"branch","line":4,"loc":{"start":{"line":4,"column":0},"end":{"line":8,"column":1}},"locations":[{"start":{"line":4,"column":0},"end":{"line":8,"column":1}}]},"1":{"type":"branch","line":10,"loc":{"start":{"line":10,"column":0},"end":{"line":13,"column":1}},"locations":[{"start":{"line":10,"column":0},"end":{"line":13,"column":1}}]},"2":{"type":"branch","line":15,"loc":{"start":{"line":15,"column":0},"end":{"line":18,"column":1}},"locations":[{"start":{"line":15,"column":0},"end":{"line":18,"column":1}}]},"3":{"type":"branch","line":20,"loc":{"start":{"line":20,"column":0},"end":{"line":32,"column":1}},"locations":[{"start":{"line":20,"column":0},"end":{"line":32,"column":1}}]},"4":{"type":"branch","line":26,"loc":{"start":{"line":26,"column":2},"end":{"line":31,"column":3}},"locations":[{"start":{"line":26,"column":2},"end":{"line":31,"column":3}}]},"5":{"type":"branch","line":34,"loc":{"start":{"line":34,"column":0},"end":{"line":45,"column":1}},"locations":[{"start":{"line":34,"column":0},"end":{"line":45,"column":1}}]},"6":{"type":"branch","line":47,"loc":{"start":{"line":47,"column":0},"end":{"line":58,"column":1}},"locations":[{"start":{"line":47,"column":0},"end":{"line":58,"column":1}}]},"7":{"type":"branch","line":52,"loc":{"start":{"line":52,"column":2},"end":{"line":57,"column":3}},"locations":[{"start":{"line":52,"column":2},"end":{"line":57,"column":3}}]},"8":{"type":"branch","line":60,"loc":{"start":{"line":60,"column":0},"end":{"line":82,"column":1}},"locations":[{"start":{"line":60,"column":0},"end":{"line":82,"column":1}}]},"9":{"type":"branch","line":84,"loc":{"start":{"line":84,"column":0},"end":{"line":106,"column":1}},"locations":[{"start":{"line":84,"column":0},"end":{"line":106,"column":1}}]}},"b":{"0":[1],"1":[1],"2":[1],"3":[1],"4":[1],"5":[0],"6":[1],"7":[1],"8":[0],"9":[0]},"fnMap":{"0":{"name":"<instance_members_initializer>","decl":{"start":{"line":20,"column":0},"end":{"line":32,"column":1}},"loc":{"start":{"line":20,"column":0},"end":{"line":32,"column":1}},"line":20},"1":{"name":"EventInput","decl":{"start":{"line":26,"column":2},"end":{"line":31,"column":3}},"loc":{"start":{"line":26,"column":2},"end":{"line":31,"column":3}},"line":26},"2":{"name":"<instance_members_initializer>","decl":{"start":{"line":34,"column":0},"end":{"line":45,"column":1}},"loc":{"start":{"line":34,"column":0},"end":{"line":45,"column":1}},"line":34},"3":{"name":"<instance_members_initializer>","decl":{"start":{"line":47,"column":0},"end":{"line":58,"column":1}},"loc":{"start":{"line":47,"column":0},"end":{"line":58,"column":1}},"line":47},"4":{"name":"BlockEventInput","decl":{"start":{"line":52,"column":2},"end":{"line":57,"column":3}},"loc":{"start":{"line":52,"column":2},"end":{"line":57,"column":3}},"line":52},"5":{"name":"<instance_members_initializer>","decl":{"start":{"line":60,"column":0},"end":{"line":82,"column":1}},"loc":{"start":{"line":60,"column":0},"end":{"line":82,"column":1}},"line":60},"6":{"name":"<instance_members_initializer>","decl":{"start":{"line":84,"column":0},"end":{"line":106,"column":1}},"loc":{"start":{"line":84,"column":0},"end":{"line":106,"column":1}},"line":84}},"f":{"0":1,"1":1,"2":0,"3":1,"4":1,"5":0,"6":0}}
,"C:\\Users\\Juan\\Desktop\\SIRIUS\\Tricker\\tricker-backend\\src\\utils\\enums.ts": {"path":"C:\\Users\\Juan\\Desktop\\SIRIUS\\Tricker\\tricker-backend\\src\\utils\\enums.ts","all":false,"statementMap":{"0":{"start":{"line":1,"column":0},"end":{"line":1,"column":98}},"1":{"start":{"line":2,"column":0},"end":{"line":2,"column":73}},"2":{"start":{"line":3,"column":0},"end":{"line":3,"column":26}},"3":{"start":{"line":4,"column":0},"end":{"line":4,"column":71}},"4":{"start":{"line":5,"column":0},"end":{"line":5,"column":3}},"5":{"start":{"line":6,"column":0},"end":{"line":6,"column":13}},"6":{"start":{"line":7,"column":0},"end":{"line":7,"column":2}}},"s":{"0":1,"1":1,"2":1,"3":0,"4":0,"5":1,"6":1},"branchMap":{"0":{"type":"branch","line":1,"loc":{"start":{"line":1,"column":30},"end":{"line":7,"column":2}},"locations":[{"start":{"line":1,"column":30},"end":{"line":7,"column":2}}]},"1":{"type":"branch","line":3,"loc":{"start":{"line":3,"column":25},"end":{"line":5,"column":3}},"locations":[{"start":{"line":3,"column":25},"end":{"line":5,"column":3}}]},"2":{"type":"branch","line":2,"loc":{"start":{"line":2,"column":40},"end":{"line":2,"column":71}},"locations":[{"start":{"line":2,"column":40},"end":{"line":2,"column":71}}]}},"b":{"0":[1],"1":[0],"2":[2]},"fnMap":{"0":{"name":"reverseEnumMap","decl":{"start":{"line":1,"column":30},"end":{"line":7,"column":2}},"loc":{"start":{"line":1,"column":30},"end":{"line":7,"column":2}},"line":1}},"f":{"0":1}}
}
