TN:
SF:src\domains\adapter\linear\event-util.ts
FN:5,processIssueEvents
FN:46,filterRelationChanges
FN:53,getCommentForBlockEvent
FN:61,createBlockEvent
FNF:4
FNH:2
FNDA:0,processIssueEvents
FNDA:0,filterRelationChanges
FNDA:1,getCommentForBlockEvent
FNDA:1,createBlockEvent
DA:1,1
DA:2,1
DA:3,1
DA:4,1
DA:5,1
DA:6,0
DA:7,0
DA:8,0
DA:9,0
DA:10,0
DA:11,0
DA:12,0
DA:13,0
DA:14,0
DA:15,0
DA:16,0
DA:17,0
DA:18,0
DA:19,0
DA:20,0
DA:21,0
DA:22,0
DA:23,0
DA:24,0
DA:25,0
DA:26,0
DA:27,0
DA:28,0
DA:29,0
DA:30,0
DA:31,0
DA:32,0
DA:33,0
DA:34,0
DA:35,0
DA:36,0
DA:37,0
DA:38,0
DA:39,0
DA:40,0
DA:41,0
DA:42,0
DA:43,0
DA:44,0
DA:45,1
DA:46,1
DA:47,0
DA:48,0
DA:49,0
DA:50,0
DA:51,0
DA:52,1
DA:53,1
DA:54,1
DA:55,1
DA:56,1
DA:57,0
DA:58,0
DA:59,1
DA:60,1
DA:61,1
DA:62,1
DA:63,1
DA:64,1
DA:65,1
DA:66,1
DA:67,1
DA:68,1
DA:69,1
DA:70,1
DA:71,1
DA:72,1
DA:73,1
DA:74,1
DA:75,1
DA:76,1
DA:77,1
DA:78,1
LF:78
LH:32
BRDA:53,0,0,1
BRDA:55,1,0,0
BRDA:56,2,0,0
BRDA:61,3,0,1
BRDA:65,4,0,0
BRDA:65,5,0,0
BRDA:67,6,0,0
BRDA:76,7,0,0
BRF:8
BRH:2
end_of_record
TN:
SF:src\domains\event\dto\index.ts
FN:20,<instance_members_initializer>
FN:26,EventInput
FN:34,<instance_members_initializer>
FN:47,<instance_members_initializer>
FN:52,BlockEventInput
FN:60,<instance_members_initializer>
FN:84,<instance_members_initializer>
FNF:7
FNH:4
FNDA:1,<instance_members_initializer>
FNDA:1,EventInput
FNDA:0,<instance_members_initializer>
FNDA:1,<instance_members_initializer>
FNDA:1,BlockEventInput
FNDA:0,<instance_members_initializer>
FNDA:0,<instance_members_initializer>
DA:1,1
DA:2,1
DA:3,1
DA:4,1
DA:5,1
DA:6,1
DA:7,1
DA:8,1
DA:9,1
DA:10,1
DA:11,1
DA:12,1
DA:13,1
DA:14,1
DA:15,1
DA:16,1
DA:17,1
DA:18,1
DA:19,1
DA:20,1
DA:21,1
DA:22,1
DA:23,1
DA:24,1
DA:25,1
DA:26,1
DA:27,1
DA:28,1
DA:29,1
DA:30,1
DA:31,1
DA:32,1
DA:33,1
DA:34,0
DA:35,0
DA:36,0
DA:37,0
DA:38,0
DA:39,0
DA:40,0
DA:41,0
DA:42,0
DA:43,0
DA:44,0
DA:45,0
DA:46,1
DA:47,1
DA:48,1
DA:49,1
DA:50,1
DA:51,1
DA:52,1
DA:53,1
DA:54,1
DA:55,1
DA:56,1
DA:57,1
DA:58,1
DA:59,1
DA:60,0
DA:61,0
DA:62,0
DA:63,0
DA:64,0
DA:65,0
DA:66,0
DA:67,0
DA:68,0
DA:69,0
DA:70,0
DA:71,0
DA:72,0
DA:73,0
DA:74,0
DA:75,0
DA:76,0
DA:77,0
DA:78,0
DA:79,0
DA:80,0
DA:81,0
DA:82,0
DA:83,1
DA:84,0
DA:85,0
DA:86,0
DA:87,0
DA:88,0
DA:89,0
DA:90,0
DA:91,0
DA:92,0
DA:93,0
DA:94,0
DA:95,0
DA:96,0
DA:97,0
DA:98,0
DA:99,0
DA:100,0
DA:101,0
DA:102,0
DA:103,0
DA:104,0
DA:105,0
DA:106,0
LF:106
LH:48
BRDA:4,0,0,1
BRDA:10,1,0,1
BRDA:15,2,0,1
BRDA:20,3,0,1
BRDA:26,4,0,1
BRDA:34,5,0,0
BRDA:47,6,0,1
BRDA:52,7,0,1
BRDA:60,8,0,0
BRDA:84,9,0,0
BRF:10
BRH:7
end_of_record
TN:
SF:src\utils\enums.ts
FN:1,reverseEnumMap
FNF:1
FNH:1
FNDA:1,reverseEnumMap
DA:1,1
DA:2,1
DA:3,1
DA:4,0
DA:5,0
DA:6,1
DA:7,1
LF:7
LH:5
BRDA:1,0,0,1
BRDA:3,1,0,0
BRDA:2,2,0,2
BRF:3
BRH:2
end_of_record
